c:\users\fko2447002\documents\github\mountain_climb\mountain_climb\mountain_climb\x64\debug\vc143.pdb
c:\users\fko2447002\documents\github\mountain_climb\mountain_climb\mountain_climb\x64\debug\vc143.idb
c:\users\fko2447002\documents\github\mountain_climb\mountain_climb\mountain_climb\x64\debug\titlescene.obj
c:\users\fko2447002\documents\github\mountain_climb\mountain_climb\mountain_climb\x64\debug\stage.obj
c:\users\fko2447002\documents\github\mountain_climb\mountain_climb\mountain_climb\x64\debug\score.obj
c:\users\fko2447002\documents\github\mountain_climb\mountain_climb\mountain_climb\x64\debug\scenemanager.obj
c:\users\fko2447002\documents\github\mountain_climb\mountain_climb\mountain_climb\x64\debug\scenemain.obj
c:\users\fko2447002\documents\github\mountain_climb\mountain_climb\mountain_climb\x64\debug\resultscene.obj
c:\users\fko2447002\documents\github\mountain_climb\mountain_climb\mountain_climb\x64\debug\player.obj
c:\users\fko2447002\documents\github\mountain_climb\mountain_climb\mountain_climb\x64\debug\pad.obj
c:\users\fko2447002\documents\github\mountain_climb\mountain_climb\mountain_climb\x64\debug\main.obj
c:\users\fko2447002\documents\github\mountain_climb\mountain_climb\mountain_climb\x64\debug\goal.obj
c:\users\fko2447002\documents\github\mountain_climb\mountain_climb\mountain_climb\x64\debug\flyenemy.obj
c:\users\fko2447002\documents\github\mountain_climb\mountain_climb\mountain_climb\x64\debug\enemy.obj
c:\users\fko2447002\documents\github\mountain_climb\mountain_climb\mountain_climb\x64\debug\camera.obj
c:\users\fko2447002\documents\github\mountain_climb\mountain_climb\mountain_climb\x64\debug\timer.obj
c:\users\fko2447002\documents\github\mountain_climb\mountain_climb\mountain_climb\x64\debug\mountain_climb.ilk
c:\users\fko2447002\documents\github\mountain_climb\mountain_climb\x64\debug\mountain_climb.pdb
c:\users\fko2447002\documents\github\mountain_climb\mountain_climb\x64\debug\mountain_climb.exe
c:\users\fko2447002\documents\github\mountain_climb\mountain_climb\mountain_climb\x64\debug\mountain_climb.tlog\cl.command.1.tlog
c:\users\fko2447002\documents\github\mountain_climb\mountain_climb\mountain_climb\x64\debug\mountain_climb.tlog\cl.items.tlog
c:\users\fko2447002\documents\github\mountain_climb\mountain_climb\mountain_climb\x64\debug\mountain_climb.tlog\cl.read.1.tlog
c:\users\fko2447002\documents\github\mountain_climb\mountain_climb\mountain_climb\x64\debug\mountain_climb.tlog\cl.write.1.tlog
c:\users\fko2447002\documents\github\mountain_climb\mountain_climb\mountain_climb\x64\debug\mountain_climb.tlog\link.command.1.tlog
c:\users\fko2447002\documents\github\mountain_climb\mountain_climb\mountain_climb\x64\debug\mountain_climb.tlog\link.read.1.tlog
c:\users\fko2447002\documents\github\mountain_climb\mountain_climb\mountain_climb\x64\debug\mountain_climb.tlog\link.secondary.1.tlog
c:\users\fko2447002\documents\github\mountain_climb\mountain_climb\mountain_climb\x64\debug\mountain_climb.tlog\link.write.1.tlog
