  Camera.cpp
  Enemy.cpp
  EnemyData.cpp
C:\Users\fko2447002\Documents\GitHub\mountain_climb\Mountain_climb\Mountain_climb\Enemy.cpp(65,11): warning C4244: '引数': 'float' から 'int' への変換です。データが失われる可能性があります。
C:\Users\fko2447002\Documents\GitHub\mountain_climb\Mountain_climb\Mountain_climb\Enemy.cpp(64,24): warning C4244: '引数': 'float' から 'int' への変換です。データが失われる可能性があります。
  FlyEnemy.cpp
  Goal.cpp
C:\Users\fko2447002\Documents\GitHub\mountain_climb\Mountain_climb\Mountain_climb\Goal.cpp(50,11): warning C4244: '引数': 'float' から 'int' への変換です。データが失われる可能性があります。
C:\Users\fko2447002\Documents\GitHub\mountain_climb\Mountain_climb\Mountain_climb\Goal.cpp(49,24): warning C4244: '引数': 'float' から 'int' への変換です。データが失われる可能性があります。
  Life.cpp
  main.cpp
  Pad.cpp
  Player.cpp
  ResultScene.cpp
  SceneMain.cpp
  SceneManager.cpp
  Score.cpp
  Stage.cpp
C:\Users\fko2447002\Documents\GitHub\mountain_climb\Mountain_climb\Mountain_climb\Stage.cpp(91,23): warning C4244: '初期化中': 'int' から 'float' への変換です。データが失われる可能性があります。
C:\Users\fko2447002\Documents\GitHub\mountain_climb\Mountain_climb\Mountain_climb\Stage.cpp(120,20): warning C4244: '初期化中': 'int' から 'float' への変換です。データが失われる可能性があります。
C:\Users\fko2447002\Documents\GitHub\mountain_climb\Mountain_climb\Mountain_climb\Stage.cpp(144,21): warning C4244: '初期化中': 'int' から 'float' への変換です。データが失われる可能性があります。
C:\Users\fko2447002\Documents\GitHub\mountain_climb\Mountain_climb\Mountain_climb\Stage.cpp(167,20): warning C4244: '初期化中': 'int' から 'float' への変換です。データが失われる可能性があります。
C:\Users\fko2447002\Documents\GitHub\mountain_climb\Mountain_climb\Mountain_climb\Stage.cpp(179,21): warning C4244: '初期化中': 'int' から 'float' への変換です。データが失われる可能性があります。
  Timer.cpp
  TitleScene.cpp
C:\Users\fko2447002\Documents\GitHub\mountain_climb\Mountain_climb\Mountain_climb\TitleScene.cpp(125,30): warning C4244: '引数': 'float' から 'int' への変換です。データが失われる可能性があります。
C:\Users\fko2447002\Documents\GitHub\mountain_climb\Mountain_climb\Mountain_climb\TitleScene.cpp(125,21): warning C4244: '引数': 'float' から 'int' への変換です。データが失われる可能性があります。
C:\Users\fko2447002\Documents\GitHub\mountain_climb\Mountain_climb\Mountain_climb\TitleScene.cpp(128,47): warning C4244: '引数': 'float' から 'int' への変換です。データが失われる可能性があります。
C:\Users\fko2447002\Documents\GitHub\mountain_climb\Mountain_climb\Mountain_climb\TitleScene.cpp(128,24): warning C4244: '引数': 'float' から 'int' への変換です。データが失われる可能性があります。
  コードを生成中...
  Mountain_climb.vcxproj -> C:\Users\fko2447002\Documents\GitHub\mountain_climb\Mountain_climb\x64\Debug\Mountain_climb.exe
