c:\users\opencampus\documents\github\mountain_climb\mountain_climb\mountain_climb\x64\release\vc143.pdb
c:\users\opencampus\documents\github\mountain_climb\mountain_climb\mountain_climb\x64\release\titlescene.obj
c:\users\opencampus\documents\github\mountain_climb\mountain_climb\mountain_climb\x64\release\timer.obj
c:\users\opencampus\documents\github\mountain_climb\mountain_climb\mountain_climb\x64\release\stage.obj
c:\users\opencampus\documents\github\mountain_climb\mountain_climb\mountain_climb\x64\release\score.obj
c:\users\opencampus\documents\github\mountain_climb\mountain_climb\mountain_climb\x64\release\scenemanager.obj
c:\users\opencampus\documents\github\mountain_climb\mountain_climb\mountain_climb\x64\release\scenemain.obj
c:\users\opencampus\documents\github\mountain_climb\mountain_climb\mountain_climb\x64\release\resultscene.obj
c:\users\opencampus\documents\github\mountain_climb\mountain_climb\mountain_climb\x64\release\player.obj
c:\users\opencampus\documents\github\mountain_climb\mountain_climb\mountain_climb\x64\release\pad.obj
c:\users\opencampus\documents\github\mountain_climb\mountain_climb\mountain_climb\x64\release\main.obj
c:\users\opencampus\documents\github\mountain_climb\mountain_climb\mountain_climb\x64\release\life.obj
c:\users\opencampus\documents\github\mountain_climb\mountain_climb\mountain_climb\x64\release\goal.obj
c:\users\opencampus\documents\github\mountain_climb\mountain_climb\mountain_climb\x64\release\flyenemy.obj
c:\users\opencampus\documents\github\mountain_climb\mountain_climb\mountain_climb\x64\release\enemydata.obj
c:\users\opencampus\documents\github\mountain_climb\mountain_climb\mountain_climb\x64\release\enemy.obj
c:\users\opencampus\documents\github\mountain_climb\mountain_climb\mountain_climb\x64\release\camera.obj
c:\users\opencampus\documents\github\mountain_climb\mountain_climb\x64\release\mountain_climb.exe
c:\users\opencampus\documents\github\mountain_climb\mountain_climb\x64\release\mountain_climb.pdb
c:\users\opencampus\documents\github\mountain_climb\mountain_climb\mountain_climb\x64\release\mountain_climb.res
c:\users\opencampus\documents\github\mountain_climb\mountain_climb\mountain_climb\x64\release\mountain_climb.ipdb
c:\users\opencampus\documents\github\mountain_climb\mountain_climb\mountain_climb\x64\release\mountain_climb.iobj
c:\users\fko2447002\documents\github\mountain_climb\mountain_climb\mountain_climb\x64\release\camera.obj
c:\users\fko2447002\documents\github\mountain_climb\mountain_climb\mountain_climb\x64\release\enemy.obj
c:\users\fko2447002\documents\github\mountain_climb\mountain_climb\mountain_climb\x64\release\enemydata.obj
c:\users\fko2447002\documents\github\mountain_climb\mountain_climb\mountain_climb\x64\release\flyenemy.obj
c:\users\fko2447002\documents\github\mountain_climb\mountain_climb\mountain_climb\x64\release\goal.obj
c:\users\fko2447002\documents\github\mountain_climb\mountain_climb\mountain_climb\x64\release\life.obj
c:\users\fko2447002\documents\github\mountain_climb\mountain_climb\mountain_climb\x64\release\main.obj
c:\users\fko2447002\documents\github\mountain_climb\mountain_climb\mountain_climb\x64\release\pad.obj
c:\users\fko2447002\documents\github\mountain_climb\mountain_climb\mountain_climb\x64\release\player.obj
c:\users\fko2447002\documents\github\mountain_climb\mountain_climb\mountain_climb\x64\release\resultscene.obj
c:\users\fko2447002\documents\github\mountain_climb\mountain_climb\mountain_climb\x64\release\scenemain.obj
c:\users\fko2447002\documents\github\mountain_climb\mountain_climb\mountain_climb\x64\release\scenemanager.obj
c:\users\fko2447002\documents\github\mountain_climb\mountain_climb\mountain_climb\x64\release\score.obj
c:\users\fko2447002\documents\github\mountain_climb\mountain_climb\mountain_climb\x64\release\stage.obj
c:\users\fko2447002\documents\github\mountain_climb\mountain_climb\mountain_climb\x64\release\timer.obj
c:\users\fko2447002\documents\github\mountain_climb\mountain_climb\mountain_climb\x64\release\titlescene.obj
c:\users\fko2447002\documents\github\mountain_climb\mountain_climb\mountain_climb\x64\release\mountain_climb.ipdb
c:\users\fko2447002\documents\github\mountain_climb\mountain_climb\mountain_climb\x64\release\mountain_climb.iobj
c:\users\fko2447002\documents\github\mountain_climb\mountain_climb\mountain_climb\x64\release\mountain_climb.res
c:\users\fko2447002\documents\github\mountain_climb\mountain_climb\mountain_climb\x64\release\vc143.pdb
c:\users\fko2447002\documents\github\mountain_climb\mountain_climb\x64\release\mountain_climb.pdb
c:\users\fko2447002\documents\github\mountain_climb\mountain_climb\x64\release\mountain_climb.exe
c:\users\fko2447002\documents\github\mountain_climb\mountain_climb\mountain_climb\x64\release\mountain_climb.tlog\cl.command.1.tlog
c:\users\fko2447002\documents\github\mountain_climb\mountain_climb\mountain_climb\x64\release\mountain_climb.tlog\cl.items.tlog
c:\users\fko2447002\documents\github\mountain_climb\mountain_climb\mountain_climb\x64\release\mountain_climb.tlog\cl.read.1.tlog
c:\users\fko2447002\documents\github\mountain_climb\mountain_climb\mountain_climb\x64\release\mountain_climb.tlog\cl.write.1.tlog
c:\users\fko2447002\documents\github\mountain_climb\mountain_climb\mountain_climb\x64\release\mountain_climb.tlog\link.command.1.tlog
c:\users\fko2447002\documents\github\mountain_climb\mountain_climb\mountain_climb\x64\release\mountain_climb.tlog\link.read.1.tlog
c:\users\fko2447002\documents\github\mountain_climb\mountain_climb\mountain_climb\x64\release\mountain_climb.tlog\link.secondary.1.tlog
c:\users\fko2447002\documents\github\mountain_climb\mountain_climb\mountain_climb\x64\release\mountain_climb.tlog\link.write.1.tlog
c:\users\fko2447002\documents\github\mountain_climb\mountain_climb\mountain_climb\x64\release\mountain_climb.tlog\rc.command.1.tlog
c:\users\fko2447002\documents\github\mountain_climb\mountain_climb\mountain_climb\x64\release\mountain_climb.tlog\rc.read.1.tlog
c:\users\fko2447002\documents\github\mountain_climb\mountain_climb\mountain_climb\x64\release\mountain_climb.tlog\rc.write.1.tlog
