  Camera.cpp
  Enemy.cpp
C:\Users\fko2447002\Documents\GitHub\mountain_climb\Mountain_climb\Mountain_climb\Camera.cpp(77,15): error C2039: 'lerp': 'std' のメンバーではありません
  C:\Program Files\Microsoft Visual Studio\2022\Community\VC\Tools\MSVC\14.39.33519\include\cmath(713,1):
  'std' の宣言を確認してください
  
C:\Users\fko2447002\Documents\GitHub\mountain_climb\Mountain_climb\Mountain_climb\Camera.cpp(77,15): error C3861: 'lerp': 識別子が見つかりませんでした
C:\Users\fko2447002\Documents\GitHub\mountain_climb\Mountain_climb\Mountain_climb\Camera.cpp(78,15): error C2039: 'lerp': 'std' のメンバーではありません
  C:\Program Files\Microsoft Visual Studio\2022\Community\VC\Tools\MSVC\14.39.33519\include\cmath(713,1):
  'std' の宣言を確認してください
  
C:\Users\fko2447002\Documents\GitHub\mountain_climb\Mountain_climb\Mountain_climb\Camera.cpp(78,15): error C3861: 'lerp': 識別子が見つかりませんでした
C:\Users\fko2447002\Documents\GitHub\mountain_climb\Mountain_climb\Mountain_climb\Enemy.cpp(36,16): warning C4244: '引数': 'float' から 'int' への変換です。データが失われる可能性があります。
C:\Users\fko2447002\Documents\GitHub\mountain_climb\Mountain_climb\Mountain_climb\Enemy.cpp(35,16): warning C4244: '引数': 'float' から 'int' への変換です。データが失われる可能性があります。
C:\Users\fko2447002\Documents\GitHub\mountain_climb\Mountain_climb\Mountain_climb\Enemy.cpp(34,11): warning C4244: '引数': 'float' から 'int' への変換です。データが失われる可能性があります。
C:\Users\fko2447002\Documents\GitHub\mountain_climb\Mountain_climb\Mountain_climb\Enemy.cpp(33,18): warning C4244: '引数': 'float' から 'int' への変換です。データが失われる可能性があります。
  FlyEnemy.cpp
  Goal.cpp
C:\Users\fko2447002\Documents\GitHub\mountain_climb\Mountain_climb\Mountain_climb\Goal.cpp(33,16): warning C4244: '引数': 'float' から 'int' への変換です。データが失われる可能性があります。
C:\Users\fko2447002\Documents\GitHub\mountain_climb\Mountain_climb\Mountain_climb\Goal.cpp(32,16): warning C4244: '引数': 'float' から 'int' への変換です。データが失われる可能性があります。
C:\Users\fko2447002\Documents\GitHub\mountain_climb\Mountain_climb\Mountain_climb\Goal.cpp(31,11): warning C4244: '引数': 'float' から 'int' への変換です。データが失われる可能性があります。
C:\Users\fko2447002\Documents\GitHub\mountain_climb\Mountain_climb\Mountain_climb\Goal.cpp(30,18): warning C4244: '引数': 'float' から 'int' への変換です。データが失われる可能性があります。
  main.cpp
  Pad.cpp
  Player.cpp
  ResultScene.cpp
  SceneMain.cpp
  SceneManager.cpp
  Score.cpp
  Stage.cpp
C:\Users\fko2447002\Documents\GitHub\mountain_climb\Mountain_climb\Mountain_climb\Stage.cpp(82,23): warning C4244: '初期化中': 'int' から 'float' への変換です。データが失われる可能性があります。
C:\Users\fko2447002\Documents\GitHub\mountain_climb\Mountain_climb\Mountain_climb\Stage.cpp(107,20): warning C4244: '初期化中': 'int' から 'float' への変換です。データが失われる可能性があります。
C:\Users\fko2447002\Documents\GitHub\mountain_climb\Mountain_climb\Mountain_climb\Stage.cpp(120,21): warning C4244: '初期化中': 'int' から 'float' への変換です。データが失われる可能性があります。
C:\Users\fko2447002\Documents\GitHub\mountain_climb\Mountain_climb\Mountain_climb\Stage.cpp(142,20): warning C4244: '初期化中': 'int' から 'float' への変換です。データが失われる可能性があります。
C:\Users\fko2447002\Documents\GitHub\mountain_climb\Mountain_climb\Mountain_climb\Stage.cpp(154,21): warning C4244: '初期化中': 'int' から 'float' への変換です。データが失われる可能性があります。
  Timer.cpp
  TitleScene.cpp
